29
29
29
186
185
35
176
174
51
8
9
5
36
183
183
184
184
184
16
167
167
167
167
16
22
22
22
20
20
21
21
179
18
20
176
18
17
17
56
55
17
55
56
56
55
55
50
172
55
56
49
50
49
49
51
36
23
22
23
20
16
16
14
12
12
10
10
8
6
6
4
3
3
3
4
8
12
15
18
20
21
24
24
15
6
8
16
21
16
7
6
13
18
20
13
6
6
16
21
10
21
10
11
16
6
19
7
20
7
21
4
21
22
25
23
22
19
2
5
13
19
21
22
24
24
23
24
23
23
23
24
23
22
7
5
2
173
5
23
20
25
24
25
23
23
12
6
5
5
1
1
1
1
2
2
2
798
798
798
2
798
2
2
2
1
3
5
5
5
5
2
1
1
3
1
1
1
3
3
3
3
2
2
2
2
2
1
1
1
1
1
2
3
5
6
7
8
8
11
11
12
13
16
18
20
22
21
21
21
21
21
21
21
21
21
21
24
25
25
9
7
7
8
7
7
7
7
8
7
7
7
7
